<?xml version="1.0" encoding="UTF-8"?>
<testsuite name="Doctor's Schedule Availability Management" tests="1" skipped="0" failures="1" errors="0" timestamp="2025-07-12T18:15:04.419Z" hostname="fedora" time="3.675">
  <properties/>
  <testcase name="Successfully add a new time slot for a doctor" classname="Doctor's Schedule Availability Management" time="3.675">
    <failure message="java.lang.AssertionError: &#10;Expected: is &quot;09:00 - 10:00&quot;&#10;     but: was &quot;08:00 - 17:00&quot;&#10;&#10;Expected: is &quot;2025-08-01 - 2025-08-01&quot;&#10;     but: was &quot;2025-07-14 - 2025-07-16&quot;" type="java.lang.AssertionError">java.lang.AssertionError: 
Expected: is &quot;09:00 - 10:00&quot;
     but: was &quot;08:00 - 17:00&quot;

Expected: is &quot;2025-08-01 - 2025-08-01&quot;
     but: was &quot;2025-07-14 - 2025-07-16&quot;
	at net.serenitybdd.screenplay.ErrorTally.throwSummaryExceptionFrom(ErrorTally.java:38)
	at net.serenitybdd.screenplay.ErrorTally.reportAnyErrors(ErrorTally.java:32)
	at net.serenitybdd.screenplay.Actor.should(Actor.java:397)
	at co.edu.udea.calidad.citasSalud.stepdefinitions.ScheduleStepDefinitions.theNewScheduleShouldBeVisibleInTheTableFor(ScheduleStepDefinitions.java:77)
	at ✽.the new schedule should be visible in the table for &quot;Carlos Santana&quot;(file:///home/juancarlos/Documentos/Universidad/2025-1/Calidad_De_Software/Talleres/Taller_Automatizacion_FE/src/test/resources/features/schedule_availability.feature:16)
</failure>
  </testcase>
  <system-out><![CDATA[]]>&#x1f510;<![CDATA[ Intentando autenticar a: carlos.santana@example.com
]]></system-out>
  <system-err><![CDATA[[Test worker] INFO  - 
  _____   ___   ___   _____     ___   _____     _     ___   _____   ___   ___  
 |_   _| | __| / __| |_   _|   / __| |_   _|   /_\   | _ \ |_   _| | __| |   \ 
   | |   | _|  \__ \   | |     \__ \   | |    / _ \  |   /   | |   | _|  | |) |
   |_|   |___| |___/   |_|     |___/   |_|   /_/ \_\ |_|_\   |_|   |___| |___/ 

Successfully add a new time slot for a doctor(doctor-s-schedule-availability-management;successfully-add-a-new-time-slot-for-a-doctor)
--------------------------------------------------------------------------------
[Test worker] INFO net.serenitybdd.core.webdriver.driverproviders.ChromeDriverProvider - Starting Chrome driver instance with capabilities:
[Test worker] INFO net.serenitybdd.core.webdriver.driverproviders.ChromeDriverProvider - Capabilities {acceptInsecureCerts: true, browserName: chrome, goog:chromeOptions: {args: [--start-maximized, --test-type, --no-sandbox, --ignore-certificate-errors, \n                   --disa..., --disable-default-apps, --disable-extensions-file-a..., \n                   --inco..., --disable-infobars,--disabl..., --remote-allow-origins=*], extensions: []}}
jul 12, 2025 1:15:05 P. M. org.openqa.selenium.devtools.CdpVersionFinder findNearestMatch
WARNING: Unable to find CDP implementation matching 138
jul 12, 2025 1:15:05 P. M. org.openqa.selenium.chromium.ChromiumDriver lambda$new$5
WARNING: Unable to find version of CDP to use for 138.0.7204.94. You may need to include a dependency on a specific version of the CDP using something similar to `org.seleniumhq.selenium:selenium-devtools-v86:4.16.1` where the version ("v86") matches the version of the chromium-based browser you're using and the version number of the artifact is the same as Selenium's.
[Test worker] ERROR  - ?[91m
  _____   ___   ___   _____     ___     _     ___   _      ___   ___  
 |_   _| | __| / __| |_   _|   | __|   /_\   |_ _| | |    | __| |   \ 
   | |   | _|  \__ \   | |     | _|   / _ \   | |  | |__  | _|  | |) |
   |_|   |___| |___/   |_|     |_|   /_/ \_\ |___| |____| |___| |___/ 

Successfully add a new time slot for a doctor
-----------------------------------------------------------------------?[0m
[Test worker] ERROR  - ?[91m    Test failed at step: Then el rango de fechas en la tabla should be '2025-08-01 - 2025-08-01'?[0m
[Test worker] ERROR  - ?[91m    Expected: is "09:00 - 10:00" but: was "08:00 - 17:00"?[0m
]]></system-err>
</testsuite>
